生成启动时间为 2017/4/25 9:49:36。
     1>项目“H:\GitStore\MyGit\Monopoly\Monopoly\Monopoly.vcxproj”在节点 2 上(Build 个目标)。
     1>ClCompile:
         H:\编译器\VS2015 community\VC\bin\CL.exe /c /IH:\C++library\EasyX\Include /IH:\boost\boost_1_63_0 /Zi /nologo /W3 /WX- /O2 /Oi /Oy- /GL /D WIN32 /D NDEBUG /D _CONSOLE /D _UNICODE /D UNICODE /Gm- /EHsc /MD /GS /Gy /fp:precise /Zc:wchar_t /Zc:forScope /Zc:inline /Fo"Release\\" /Fd"Release\vc140.pdb" /Gd /TP /analyze- /errorReport:prompt GameEngine.cpp
         GameEngine.cpp
       Link:
         H:\编译器\VS2015 community\VC\bin\link.exe /ERRORREPORT:PROMPT /OUT:"H:\GitStore\MyGit\Monopoly\Release\Monopoly.exe" /INCREMENTAL:NO /NOLOGO /LIBPATH:H:\C++library\EasyX\lib2015 /LIBPATH:H:\C++library\EasyX\lib /LIBPATH:H:\boost\boost_1_63_0\libs kernel32.lib user32.lib gdi32.lib winspool.lib comdlg32.lib advapi32.lib shell32.lib ole32.lib oleaut32.lib uuid.lib odbc32.lib odbccp32.lib /MANIFEST /MANIFESTUAC:"level='asInvoker' uiAccess='false'" /manifest:embed /Debug /PDB:"H:\GitStore\MyGit\Monopoly\Release\Monopoly.pdb" /SUBSYSTEM:CONSOLE /OPT:REF /OPT:ICF /LTCG:incremental /TLBID:1 /DYNAMICBASE /NXCOMPAT /IMPLIB:"H:\GitStore\MyGit\Monopoly\Release\Monopoly.lib" /MACHINE:X86 /SAFESEH Release\Cell.obj
         Release\data.obj
         Release\EasyScene.obj
         Release\GameEngine.obj
         Release\global.obj
         Release\main.obj
         Release\Manager.obj
         Release\Player.obj
         Release\Robot.obj
         正在生成代码
         All 397 functions were compiled because no usable IPDB/IOBJ from previous compilation was found.
         已完成代码的生成
         Monopoly.vcxproj -> H:\GitStore\MyGit\Monopoly\Release\Monopoly.exe
     1>已完成生成项目“H:\GitStore\MyGit\Monopoly\Monopoly\Monopoly.vcxproj”(Build 个目标)的操作。

已成功生成。

已用时间 00:00:01.85
